<?xml version="1.0" encoding="UTF-8"?>
<testsuite xmlns:xsi="http://www.w3.org/2001/XMLSchema-instance" xsi:noNamespaceSchemaLocation="https://maven.apache.org/surefire/maven-surefire-plugin/xsd/surefire-test-report.xsd" name="kz.danke.kids.shop.service.CategoryServiceTest" time="0.138" tests="2" errors="0" skipped="0" failures="0">
  <properties>
[...]
</properties>
  <testcase name="categoryServiceTest_SaveCategory" classname="kz.danke.kids.shop.service.CategoryServiceTest" time="0.004"/>
  <testcase name="categoryServiceTest_FindAll" classname="kz.danke.kids.shop.service.CategoryServiceTest" time="0.001"/>
</testsuite>